# JRE version: OpenJDK Runtime Environment Temurin-17.0.2+8 (17.0.2+8) (build 17.0.2+8)
# Java VM: OpenJDK 64-Bit Server VM Temurin-17.0.2+8 (17.0.2+8, mixed mode, tiered, compressed oops, compressed class ptrs, g1 gc, windows-amd64)
GC Precious Log:
 CPUs: 8 total, 8 available
 Memory: 16157M
 Large Page Support: Disabled
 NUMA Support: Disabled
 Compressed Oops: Enabled (Zero based)
 Heap Region Size: 2M
 Heap Min Capacity: 8M
 Heap Initial Capacity: 254M
 Heap Max Capacity: 4040M
 Pre-touch: Disabled
 Parallel Workers: 8
 Concurrent Workers: 2
 Concurrent Refinement Workers: 8
 Periodic GC: Disabled
Heap:
 garbage-first heap   total 102400K, used 56070K [0x0000000703800000, 0x0000000800000000)
  region size 2048K, 11 young (22528K), 2 survivors (4096K)
 Metaspace       used 96829K, committed 97408K, reserved 1138688K
  class space    used 11406K, committed 11712K, reserved 1048576K
GC Heap History (20 events):
Event: 3097.705 GC heap before
{Heap before GC invocations=51 (full 2):
 garbage-first heap   total 102400K, used 85370K [0x0000000703800000, 0x0000000800000000)
  region size 2048K, 23 young (47104K), 1 survivors (2048K)
 Metaspace       used 94643K, committed 95232K, reserved 1138688K
  class space    used 11254K, committed 11520K, reserved 1048576K
}
Event: 3097.712 GC heap after
{Heap after GC invocations=52 (full 2):
 garbage-first heap   total 102400K, used 40790K [0x0000000703800000, 0x0000000800000000)
  region size 2048K, 2 young (4096K), 2 survivors (4096K)
 Metaspace       used 94643K, committed 95232K, reserved 1138688K
  class space    used 11254K, committed 11520K, reserved 1048576K
}
Event: 3325.057 GC heap before
{Heap before GC invocations=52 (full 2):
 garbage-first heap   total 102400K, used 81750K [0x0000000703800000, 0x0000000800000000)
  region size 2048K, 22 young (45056K), 2 survivors (4096K)
 Metaspace       used 94729K, committed 95296K, reserved 1138688K
  class space    used 11257K, committed 11520K, reserved 1048576K
}
Event: 3325.065 GC heap after
{Heap after GC invocations=53 (full 2):
 garbage-first heap   total 102400K, used 41037K [0x0000000703800000, 0x0000000800000000)
  region size 2048K, 2 young (4096K), 2 survivors (4096K)
 Metaspace       used 94729K, committed 95296K, reserved 1138688K
  class space    used 11257K, committed 11520K, reserved 1048576K
}
Event: 3569.418 GC heap before
{Heap before GC invocations=53 (full 2):
 garbage-first heap   total 102400K, used 81997K [0x0000000703800000, 0x0000000800000000)
  region size 2048K, 22 young (45056K), 2 survivors (4096K)
 Metaspace       used 94802K, committed 95360K, reserved 1138688K
  class space    used 11258K, committed 11520K, reserved 1048576K
}
Event: 3569.423 GC heap after
{Heap after GC invocations=54 (full 2):
 garbage-first heap   total 102400K, used 40992K [0x0000000703800000, 0x0000000800000000)
  region size 2048K, 2 young (4096K), 2 survivors (4096K)
 Metaspace       used 94802K, committed 95360K, reserved 1138688K
  class space    used 11258K, committed 11520K, reserved 1048576K
}
Event: 3817.290 GC heap before
{Heap before GC invocations=54 (full 2):
 garbage-first heap   total 102400K, used 81952K [0x0000000703800000, 0x0000000800000000)
  region size 2048K, 22 young (45056K), 2 survivors (4096K)
 Metaspace       used 94845K, committed 95424K, reserved 1138688K
  class space    used 11259K, committed 11520K, reserved 1048576K
}
Event: 3817.300 GC heap after
{Heap after GC invocations=55 (full 2):
 garbage-first heap   total 102400K, used 41014K [0x0000000703800000, 0x0000000800000000)
  region size 2048K, 2 young (4096K), 2 survivors (4096K)
 Metaspace       used 94845K, committed 95424K, reserved 1138688K
  class space    used 11259K, committed 11520K, reserved 1048576K
}
Event: 4072.794 GC heap before
{Heap before GC invocations=55 (full 2):
 garbage-first heap   total 102400K, used 81974K [0x0000000703800000, 0x0000000800000000)
  region size 2048K, 22 young (45056K), 2 survivors (4096K)
 Metaspace       used 94850K, committed 95424K, reserved 1138688K
  class space    used 11259K, committed 11520K, reserved 1048576K
}
Event: 4072.801 GC heap after
{Heap after GC invocations=56 (full 2):
 garbage-first heap   total 102400K, used 40991K [0x0000000703800000, 0x0000000800000000)
  region size 2048K, 2 young (4096K), 2 survivors (4096K)
 Metaspace       used 94850K, committed 95424K, reserved 1138688K
  class space    used 11259K, committed 11520K, reserved 1048576K
}
Event: 4294.416 GC heap before
{Heap before GC invocations=56 (full 2):
 garbage-first heap   total 102400K, used 81951K [0x0000000703800000, 0x0000000800000000)
  region size 2048K, 22 young (45056K), 2 survivors (4096K)
 Metaspace       used 95692K, committed 96320K, reserved 1138688K
  class space    used 11331K, committed 11648K, reserved 1048576K
}
Event: 4294.425 GC heap after
{Heap after GC invocations=57 (full 2):
 garbage-first heap   total 102400K, used 41318K [0x0000000703800000, 0x0000000800000000)
  region size 2048K, 2 young (4096K), 2 survivors (4096K)
 Metaspace       used 95692K, committed 96320K, reserved 1138688K
  class space    used 11331K, committed 11648K, reserved 1048576K
}
Event: 4313.940 GC heap before
{Heap before GC invocations=57 (full 2):
 garbage-first heap   total 102400K, used 47462K [0x0000000703800000, 0x0000000800000000)
  region size 2048K, 6 young (12288K), 2 survivors (4096K)
 Metaspace       used 95715K, committed 96320K, reserved 1138688K
  class space    used 11333K, committed 11648K, reserved 1048576K
}
Event: 4314.034 GC heap after
{Heap after GC invocations=58 (full 3):
 garbage-first heap   total 102400K, used 32445K [0x0000000703800000, 0x0000000800000000)
  region size 2048K, 0 young (0K), 0 survivors (0K)
 Metaspace       used 95622K, committed 96320K, reserved 1138688K
  class space    used 11312K, committed 11648K, reserved 1048576K
}
Event: 4315.237 GC heap before
{Heap before GC invocations=58 (full 3):
 garbage-first heap   total 102400K, used 85693K [0x0000000703800000, 0x0000000800000000)
  region size 2048K, 26 young (53248K), 0 survivors (0K)
 Metaspace       used 95986K, committed 96512K, reserved 1138688K
  class space    used 11357K, committed 11648K, reserved 1048576K
}
Event: 4315.241 GC heap after
{Heap after GC invocations=59 (full 3):
 garbage-first heap   total 102400K, used 35915K [0x0000000703800000, 0x0000000800000000)
  region size 2048K, 2 young (4096K), 2 survivors (4096K)
 Metaspace       used 95986K, committed 96512K, reserved 1138688K
  class space    used 11357K, committed 11648K, reserved 1048576K
}
Event: 4316.214 GC heap before
{Heap before GC invocations=59 (full 3):
 garbage-first heap   total 102400K, used 83019K [0x0000000703800000, 0x0000000800000000)
  region size 2048K, 25 young (51200K), 2 survivors (4096K)
 Metaspace       used 96338K, committed 96896K, reserved 1138688K
  class space    used 11374K, committed 11648K, reserved 1048576K
}
Event: 4316.220 GC heap after
{Heap after GC invocations=60 (full 3):
 garbage-first heap   total 102400K, used 37973K [0x0000000703800000, 0x0000000800000000)
  region size 2048K, 3 young (6144K), 3 survivors (6144K)
 Metaspace       used 96338K, committed 96896K, reserved 1138688K
  class space    used 11374K, committed 11648K, reserved 1048576K
}
Event: 4316.756 GC heap before
{Heap before GC invocations=60 (full 3):
 garbage-first heap   total 102400K, used 80981K [0x0000000703800000, 0x0000000800000000)
  region size 2048K, 24 young (49152K), 3 survivors (6144K)
 Metaspace       used 96743K, committed 97344K, reserved 1138688K
  class space    used 11400K, committed 11712K, reserved 1048576K
}
Event: 4316.765 GC heap after
{Heap after GC invocations=61 (full 3):
 garbage-first heap   total 102400K, used 39686K [0x0000000703800000, 0x0000000800000000)
  region size 2048K, 2 young (4096K), 2 survivors (4096K)
 Metaspace       used 96743K, committed 97344K, reserved 1138688K
  class space    used 11400K, committed 11712K, reserved 1048576K
}

